<?xml version="1.0" encoding="UTF-8"?>
<testsuite xmlns:xsi="http://www.w3.org/2001/XMLSchema-instance" xsi:noNamespaceSchemaLocation="https://maven.apache.org/surefire/maven-surefire-plugin/xsd/surefire-test-report.xsd" name="com.example.DemoTest" time="0.679" tests="1" errors="0" skipped="0" failures="0">
  <properties>
    <property name="java.specification.version" value="13"/>
    <property name="sun.jnu.encoding" value="UTF-8"/>
    <property name="java.class.path" value="/home/tomek/Workspace/Micronaut/REST_API/target/test-classes:/home/tomek/Workspace/Micronaut/REST_API/target/classes:/home/tomek/.m2/repository/io/micronaut/micronaut-inject/2.0.3/micronaut-inject-2.0.3.jar:/home/tomek/.m2/repository/org/slf4j/slf4j-api/1.7.26/slf4j-api-1.7.26.jar:/home/tomek/.m2/repository/javax/inject/javax.inject/1/javax.inject-1.jar:/home/tomek/.m2/repository/io/micronaut/micronaut-core/2.0.3/micronaut-core-2.0.3.jar:/home/tomek/.m2/repository/org/reactivestreams/reactive-streams/1.0.3/reactive-streams-1.0.3.jar:/home/tomek/.m2/repository/com/github/spotbugs/spotbugs-annotations/4.0.3/spotbugs-annotations-4.0.3.jar:/home/tomek/.m2/repository/com/google/code/findbugs/jsr305/3.0.2/jsr305-3.0.2.jar:/home/tomek/.m2/repository/org/yaml/snakeyaml/1.26/snakeyaml-1.26.jar:/home/tomek/.m2/repository/io/micronaut/micronaut-validation/2.0.3/micronaut-validation-2.0.3.jar:/home/tomek/.m2/repository/io/micronaut/micronaut-http/2.0.3/micronaut-http-2.0.3.jar:/home/tomek/.m2/repository/javax/validation/validation-api/2.0.1.Final/validation-api-2.0.1.Final.jar:/home/tomek/.m2/repository/io/micronaut/micronaut-http-server-netty/2.0.3/micronaut-http-server-netty-2.0.3.jar:/home/tomek/.m2/repository/io/micronaut/micronaut-http-server/2.0.3/micronaut-http-server-2.0.3.jar:/home/tomek/.m2/repository/io/micronaut/micronaut-router/2.0.3/micronaut-router-2.0.3.jar:/home/tomek/.m2/repository/io/micronaut/micronaut-http-netty/2.0.3/micronaut-http-netty-2.0.3.jar:/home/tomek/.m2/repository/io/micronaut/micronaut-buffer-netty/2.0.3/micronaut-buffer-netty-2.0.3.jar:/home/tomek/.m2/repository/io/netty/netty-handler/4.1.48.Final/netty-handler-4.1.48.Final.jar:/home/tomek/.m2/repository/io/netty/netty-resolver/4.1.48.Final/netty-resolver-4.1.48.Final.jar:/home/tomek/.m2/repository/io/netty/netty-codec-http2/4.1.48.Final/netty-codec-http2-4.1.48.Final.jar:/home/tomek/.m2/repository/io/netty/netty-codec-http/4.1.48.Final/netty-codec-http-4.1.48.Final.jar:/home/tomek/.m2/repository/io/netty/netty-common/4.1.48.Final/netty-common-4.1.48.Final.jar:/home/tomek/.m2/repository/io/netty/netty-buffer/4.1.48.Final/netty-buffer-4.1.48.Final.jar:/home/tomek/.m2/repository/io/netty/netty-transport/4.1.48.Final/netty-transport-4.1.48.Final.jar:/home/tomek/.m2/repository/io/netty/netty-codec/4.1.48.Final/netty-codec-4.1.48.Final.jar:/home/tomek/.m2/repository/io/micronaut/micronaut-http-client/2.0.3/micronaut-http-client-2.0.3.jar:/home/tomek/.m2/repository/io/reactivex/rxjava2/rxjava/2.2.10/rxjava-2.2.10.jar:/home/tomek/.m2/repository/io/micronaut/micronaut-http-client-core/2.0.3/micronaut-http-client-core-2.0.3.jar:/home/tomek/.m2/repository/io/micronaut/micronaut-websocket/2.0.3/micronaut-websocket-2.0.3.jar:/home/tomek/.m2/repository/io/netty/netty-handler-proxy/4.1.48.Final/netty-handler-proxy-4.1.48.Final.jar:/home/tomek/.m2/repository/io/netty/netty-codec-socks/4.1.48.Final/netty-codec-socks-4.1.48.Final.jar:/home/tomek/.m2/repository/io/micronaut/micronaut-runtime/2.0.3/micronaut-runtime-2.0.3.jar:/home/tomek/.m2/repository/io/micronaut/micronaut-aop/2.0.3/micronaut-aop-2.0.3.jar:/home/tomek/.m2/repository/com/fasterxml/jackson/core/jackson-databind/2.11.2/jackson-databind-2.11.2.jar:/home/tomek/.m2/repository/com/fasterxml/jackson/core/jackson-annotations/2.11.2/jackson-annotations-2.11.2.jar:/home/tomek/.m2/repository/com/fasterxml/jackson/core/jackson-core/2.11.2/jackson-core-2.11.2.jar:/home/tomek/.m2/repository/com/fasterxml/jackson/datatype/jackson-datatype-jdk8/2.11.2/jackson-datatype-jdk8-2.11.2.jar:/home/tomek/.m2/repository/com/fasterxml/jackson/datatype/jackson-datatype-jsr310/2.11.2/jackson-datatype-jsr310-2.11.2.jar:/home/tomek/.m2/repository/javax/annotation/javax.annotation-api/1.3.2/javax.annotation-api-1.3.2.jar:/home/tomek/.m2/repository/ch/qos/logback/logback-classic/1.2.3/logback-classic-1.2.3.jar:/home/tomek/.m2/repository/ch/qos/logback/logback-core/1.2.3/logback-core-1.2.3.jar:/home/tomek/.m2/repository/org/junit/jupiter/junit-jupiter-api/5.6.2/junit-jupiter-api-5.6.2.jar:/home/tomek/.m2/repository/org/apiguardian/apiguardian-api/1.1.0/apiguardian-api-1.1.0.jar:/home/tomek/.m2/repository/org/opentest4j/opentest4j/1.2.0/opentest4j-1.2.0.jar:/home/tomek/.m2/repository/org/junit/platform/junit-platform-commons/1.6.2/junit-platform-commons-1.6.2.jar:/home/tomek/.m2/repository/org/junit/jupiter/junit-jupiter-engine/5.6.2/junit-jupiter-engine-5.6.2.jar:/home/tomek/.m2/repository/org/junit/platform/junit-platform-engine/1.6.2/junit-platform-engine-1.6.2.jar:/home/tomek/.m2/repository/io/micronaut/test/micronaut-test-junit5/1.2.3/micronaut-test-junit5-1.2.3.jar:/home/tomek/.m2/repository/io/micronaut/test/micronaut-test-core/1.2.3/micronaut-test-core-1.2.3.jar:/home/tomek/.m2/repository/io/micronaut/mongodb/micronaut-mongo-reactive/2.1.1/micronaut-mongo-reactive-2.1.1.jar:/home/tomek/.m2/repository/io/micronaut/mongodb/micronaut-mongo-core/2.1.1/micronaut-mongo-core-2.1.1.jar:/home/tomek/.m2/repository/org/mongodb/mongodb-driver-core/4.0.5/mongodb-driver-core-4.0.5.jar:/home/tomek/.m2/repository/org/mongodb/mongodb-driver-reactivestreams/4.0.5/mongodb-driver-reactivestreams-4.0.5.jar:/home/tomek/.m2/repository/org/mongodb/bson/4.0.5/bson-4.0.5.jar:"/>
    <property name="java.vm.vendor" value="Oracle Corporation"/>
    <property name="sun.arch.data.model" value="64"/>
    <property name="java.vendor.url" value="https://java.oracle.com/"/>
    <property name="os.name" value="Linux"/>
    <property name="java.vm.specification.version" value="13"/>
    <property name="sun.java.launcher" value="SUN_STANDARD"/>
    <property name="user.country" value="GB"/>
    <property name="sun.boot.library.path" value="/usr/lib/jvm/java-13-oracle/lib"/>
    <property name="sun.java.command" value="/home/tomek/Workspace/Micronaut/REST_API/target/surefire/surefirebooter699807880813664418.jar /home/tomek/Workspace/Micronaut/REST_API/target/surefire 2020-09-29T00-37-37_062-jvmRun1 surefire10994319831116573464tmp surefire_016807236243695195061tmp"/>
    <property name="jdk.debug" value="release"/>
    <property name="surefire.test.class.path" value="/home/tomek/Workspace/Micronaut/REST_API/target/test-classes:/home/tomek/Workspace/Micronaut/REST_API/target/classes:/home/tomek/.m2/repository/io/micronaut/micronaut-inject/2.0.3/micronaut-inject-2.0.3.jar:/home/tomek/.m2/repository/org/slf4j/slf4j-api/1.7.26/slf4j-api-1.7.26.jar:/home/tomek/.m2/repository/javax/inject/javax.inject/1/javax.inject-1.jar:/home/tomek/.m2/repository/io/micronaut/micronaut-core/2.0.3/micronaut-core-2.0.3.jar:/home/tomek/.m2/repository/org/reactivestreams/reactive-streams/1.0.3/reactive-streams-1.0.3.jar:/home/tomek/.m2/repository/com/github/spotbugs/spotbugs-annotations/4.0.3/spotbugs-annotations-4.0.3.jar:/home/tomek/.m2/repository/com/google/code/findbugs/jsr305/3.0.2/jsr305-3.0.2.jar:/home/tomek/.m2/repository/org/yaml/snakeyaml/1.26/snakeyaml-1.26.jar:/home/tomek/.m2/repository/io/micronaut/micronaut-validation/2.0.3/micronaut-validation-2.0.3.jar:/home/tomek/.m2/repository/io/micronaut/micronaut-http/2.0.3/micronaut-http-2.0.3.jar:/home/tomek/.m2/repository/javax/validation/validation-api/2.0.1.Final/validation-api-2.0.1.Final.jar:/home/tomek/.m2/repository/io/micronaut/micronaut-http-server-netty/2.0.3/micronaut-http-server-netty-2.0.3.jar:/home/tomek/.m2/repository/io/micronaut/micronaut-http-server/2.0.3/micronaut-http-server-2.0.3.jar:/home/tomek/.m2/repository/io/micronaut/micronaut-router/2.0.3/micronaut-router-2.0.3.jar:/home/tomek/.m2/repository/io/micronaut/micronaut-http-netty/2.0.3/micronaut-http-netty-2.0.3.jar:/home/tomek/.m2/repository/io/micronaut/micronaut-buffer-netty/2.0.3/micronaut-buffer-netty-2.0.3.jar:/home/tomek/.m2/repository/io/netty/netty-handler/4.1.48.Final/netty-handler-4.1.48.Final.jar:/home/tomek/.m2/repository/io/netty/netty-resolver/4.1.48.Final/netty-resolver-4.1.48.Final.jar:/home/tomek/.m2/repository/io/netty/netty-codec-http2/4.1.48.Final/netty-codec-http2-4.1.48.Final.jar:/home/tomek/.m2/repository/io/netty/netty-codec-http/4.1.48.Final/netty-codec-http-4.1.48.Final.jar:/home/tomek/.m2/repository/io/netty/netty-common/4.1.48.Final/netty-common-4.1.48.Final.jar:/home/tomek/.m2/repository/io/netty/netty-buffer/4.1.48.Final/netty-buffer-4.1.48.Final.jar:/home/tomek/.m2/repository/io/netty/netty-transport/4.1.48.Final/netty-transport-4.1.48.Final.jar:/home/tomek/.m2/repository/io/netty/netty-codec/4.1.48.Final/netty-codec-4.1.48.Final.jar:/home/tomek/.m2/repository/io/micronaut/micronaut-http-client/2.0.3/micronaut-http-client-2.0.3.jar:/home/tomek/.m2/repository/io/reactivex/rxjava2/rxjava/2.2.10/rxjava-2.2.10.jar:/home/tomek/.m2/repository/io/micronaut/micronaut-http-client-core/2.0.3/micronaut-http-client-core-2.0.3.jar:/home/tomek/.m2/repository/io/micronaut/micronaut-websocket/2.0.3/micronaut-websocket-2.0.3.jar:/home/tomek/.m2/repository/io/netty/netty-handler-proxy/4.1.48.Final/netty-handler-proxy-4.1.48.Final.jar:/home/tomek/.m2/repository/io/netty/netty-codec-socks/4.1.48.Final/netty-codec-socks-4.1.48.Final.jar:/home/tomek/.m2/repository/io/micronaut/micronaut-runtime/2.0.3/micronaut-runtime-2.0.3.jar:/home/tomek/.m2/repository/io/micronaut/micronaut-aop/2.0.3/micronaut-aop-2.0.3.jar:/home/tomek/.m2/repository/com/fasterxml/jackson/core/jackson-databind/2.11.2/jackson-databind-2.11.2.jar:/home/tomek/.m2/repository/com/fasterxml/jackson/core/jackson-annotations/2.11.2/jackson-annotations-2.11.2.jar:/home/tomek/.m2/repository/com/fasterxml/jackson/core/jackson-core/2.11.2/jackson-core-2.11.2.jar:/home/tomek/.m2/repository/com/fasterxml/jackson/datatype/jackson-datatype-jdk8/2.11.2/jackson-datatype-jdk8-2.11.2.jar:/home/tomek/.m2/repository/com/fasterxml/jackson/datatype/jackson-datatype-jsr310/2.11.2/jackson-datatype-jsr310-2.11.2.jar:/home/tomek/.m2/repository/javax/annotation/javax.annotation-api/1.3.2/javax.annotation-api-1.3.2.jar:/home/tomek/.m2/repository/ch/qos/logback/logback-classic/1.2.3/logback-classic-1.2.3.jar:/home/tomek/.m2/repository/ch/qos/logback/logback-core/1.2.3/logback-core-1.2.3.jar:/home/tomek/.m2/repository/org/junit/jupiter/junit-jupiter-api/5.6.2/junit-jupiter-api-5.6.2.jar:/home/tomek/.m2/repository/org/apiguardian/apiguardian-api/1.1.0/apiguardian-api-1.1.0.jar:/home/tomek/.m2/repository/org/opentest4j/opentest4j/1.2.0/opentest4j-1.2.0.jar:/home/tomek/.m2/repository/org/junit/platform/junit-platform-commons/1.6.2/junit-platform-commons-1.6.2.jar:/home/tomek/.m2/repository/org/junit/jupiter/junit-jupiter-engine/5.6.2/junit-jupiter-engine-5.6.2.jar:/home/tomek/.m2/repository/org/junit/platform/junit-platform-engine/1.6.2/junit-platform-engine-1.6.2.jar:/home/tomek/.m2/repository/io/micronaut/test/micronaut-test-junit5/1.2.3/micronaut-test-junit5-1.2.3.jar:/home/tomek/.m2/repository/io/micronaut/test/micronaut-test-core/1.2.3/micronaut-test-core-1.2.3.jar:/home/tomek/.m2/repository/io/micronaut/mongodb/micronaut-mongo-reactive/2.1.1/micronaut-mongo-reactive-2.1.1.jar:/home/tomek/.m2/repository/io/micronaut/mongodb/micronaut-mongo-core/2.1.1/micronaut-mongo-core-2.1.1.jar:/home/tomek/.m2/repository/org/mongodb/mongodb-driver-core/4.0.5/mongodb-driver-core-4.0.5.jar:/home/tomek/.m2/repository/org/mongodb/mongodb-driver-reactivestreams/4.0.5/mongodb-driver-reactivestreams-4.0.5.jar:/home/tomek/.m2/repository/org/mongodb/bson/4.0.5/bson-4.0.5.jar:"/>
    <property name="sun.cpu.endian" value="little"/>
    <property name="user.home" value="/home/tomek"/>
    <property name="user.language" value="en"/>
    <property name="java.specification.vendor" value="Oracle Corporation"/>
    <property name="java.version.date" value="2020-01-14"/>
    <property name="java.home" value="/usr/lib/jvm/java-13-oracle"/>
    <property name="file.separator" value="/"/>
    <property name="basedir" value="/home/tomek/Workspace/Micronaut/REST_API"/>
    <property name="java.vm.compressedOopsMode" value="Zero based"/>
    <property name="line.separator" value="&#10;"/>
    <property name="java.vm.specification.vendor" value="Oracle Corporation"/>
    <property name="java.specification.name" value="Java Platform API Specification"/>
    <property name="surefire.real.class.path" value="/home/tomek/Workspace/Micronaut/REST_API/target/surefire/surefirebooter699807880813664418.jar"/>
    <property name="sun.management.compiler" value="HotSpot 64-Bit Tiered Compilers"/>
    <property name="java.runtime.version" value="13.0.2+8"/>
    <property name="user.name" value="tomek"/>
    <property name="path.separator" value=":"/>
    <property name="os.version" value="4.15.0-118-generic"/>
    <property name="java.runtime.name" value="Java(TM) SE Runtime Environment"/>
    <property name="file.encoding" value="UTF-8"/>
    <property name="java.vm.name" value="Java HotSpot(TM) 64-Bit Server VM"/>
    <property name="localRepository" value="/home/tomek/.m2/repository"/>
    <property name="java.vendor.url.bug" value="https://bugreport.java.com/bugreport/"/>
    <property name="java.io.tmpdir" value="/tmp"/>
    <property name="java.version" value="13.0.2"/>
    <property name="user.dir" value="/home/tomek/Workspace/Micronaut/REST_API"/>
    <property name="os.arch" value="amd64"/>
    <property name="java.vm.specification.name" value="Java Virtual Machine Specification"/>
    <property name="java.library.path" value="/usr/java/packages/lib:/usr/lib64:/lib64:/lib:/usr/lib"/>
    <property name="java.vm.info" value="mixed mode, sharing"/>
    <property name="java.vendor" value="Oracle Corporation"/>
    <property name="java.vm.version" value="13.0.2+8"/>
    <property name="sun.io.unicode.encoding" value="UnicodeLittle"/>
    <property name="java.class.version" value="57.0"/>
  </properties>
  <testcase name="testItWorks" classname="com.example.DemoTest" time="0.011"/>
</testsuite>